<?xml version="1.0" encoding="UTF-8"?>
<!-- Generated by org.testng.reporters.JUnitXMLReporter -->
<testsuite ignored="0" hostname="LAPTOP-8VKI63NR" failures="0" tests="9" name="Test" time="31.265" errors="0" timestamp="2021-03-01T20:54:10 IST">
  <testcase classname="org.test.Praveen" name="login" time="14.157"/>
  <testcase classname="org.test.Praveen" name="test1" time="2.099"/>
  <testcase classname="org.test.Praveen" name="test2" time="2.061"/>
  <testcase classname="org.test.Praveen" name="test3" time="2.076"/>
  <testcase classname="org.test.Praveen" name="test4" time="2.066"/>
  <testcase classname="org.test.Praveen" name="test5" time="2.08"/>
  <testcase classname="org.test.Praveen" name="test6" time="2.08"/>
  <testcase classname="org.test.Praveen" name="test7" time="2.084"/>
  <testcase classname="org.test.Praveen" name="test8" time="2.403"/>
</testsuite> <!-- Test -->
