<?xml version="1.0" encoding="UTF-8"?>
<testng-results ignored="0" total="9" passed="9" failed="0" skipped="0">
  <reporter-output>
  </reporter-output>
  <suite started-at="2021-03-01T20:53:38 IST" name="Suite" finished-at="2021-03-01T20:54:10 IST" duration-ms="31265">
    <groups>
    </groups>
    <test started-at="2021-03-01T20:53:38 IST" name="Test" finished-at="2021-03-01T20:54:10 IST" duration-ms="31265">
      <class name="org.test.Praveen">
        <test-method signature="login(java.lang.String, java.lang.String)[pri:0, instance:org.test.Praveen@609db43b]" started-at="2021-03-01T20:53:38 IST" name="login" finished-at="2021-03-01T20:53:53 IST" duration-ms="14157" status="PASS">
          <params>
            <param index="0">
              <value>
                <![CDATA[prav8483]]>
              </value>
            </param>
            <param index="1">
              <value>
                <![CDATA[16182062]]>
              </value>
            </param>
          </params>
          <reporter-output>
          </reporter-output>
        </test-method> <!-- login -->
        <test-method signature="test1()[pri:0, instance:org.test.Praveen@609db43b]" started-at="2021-03-01T20:53:53 IST" name="test1" finished-at="2021-03-01T20:53:55 IST" duration-ms="2099" status="PASS">
          <reporter-output>
          </reporter-output>
        </test-method> <!-- test1 -->
        <test-method signature="test2()[pri:0, instance:org.test.Praveen@609db43b]" started-at="2021-03-01T20:53:55 IST" name="test2" finished-at="2021-03-01T20:53:57 IST" duration-ms="2061" status="PASS">
          <reporter-output>
          </reporter-output>
        </test-method> <!-- test2 -->
        <test-method signature="test3()[pri:0, instance:org.test.Praveen@609db43b]" started-at="2021-03-01T20:53:57 IST" name="test3" finished-at="2021-03-01T20:53:59 IST" duration-ms="2076" status="PASS">
          <reporter-output>
          </reporter-output>
        </test-method> <!-- test3 -->
        <test-method signature="test4()[pri:0, instance:org.test.Praveen@609db43b]" started-at="2021-03-01T20:53:59 IST" name="test4" finished-at="2021-03-01T20:54:01 IST" duration-ms="2066" status="PASS">
          <reporter-output>
          </reporter-output>
        </test-method> <!-- test4 -->
        <test-method signature="test5()[pri:0, instance:org.test.Praveen@609db43b]" started-at="2021-03-01T20:54:01 IST" name="test5" finished-at="2021-03-01T20:54:03 IST" duration-ms="2080" status="PASS">
          <reporter-output>
          </reporter-output>
        </test-method> <!-- test5 -->
        <test-method signature="test6()[pri:0, instance:org.test.Praveen@609db43b]" started-at="2021-03-01T20:54:03 IST" name="test6" finished-at="2021-03-01T20:54:05 IST" duration-ms="2080" status="PASS">
          <reporter-output>
          </reporter-output>
        </test-method> <!-- test6 -->
        <test-method signature="test7()[pri:0, instance:org.test.Praveen@609db43b]" started-at="2021-03-01T20:54:05 IST" name="test7" finished-at="2021-03-01T20:54:07 IST" duration-ms="2084" status="PASS">
          <reporter-output>
          </reporter-output>
        </test-method> <!-- test7 -->
        <test-method signature="test8()[pri:0, instance:org.test.Praveen@609db43b]" started-at="2021-03-01T20:54:07 IST" name="test8" finished-at="2021-03-01T20:54:10 IST" duration-ms="2403" status="PASS">
          <reporter-output>
          </reporter-output>
        </test-method> <!-- test8 -->
        <test-method is-config="true" signature="close()[pri:0, instance:org.test.Praveen@609db43b]" started-at="2021-03-01T20:54:10 IST" name="close" finished-at="2021-03-01T20:54:10 IST" duration-ms="96" status="PASS">
          <reporter-output>
          </reporter-output>
        </test-method> <!-- close -->
      </class> <!-- org.test.Praveen -->
    </test> <!-- Test -->
  </suite> <!-- Suite -->
</testng-results>
